[31Jan2025 00:00:04.216] [Server thread/WARN] [net.minecraft.server.level.ServerLevel/]: Tried to add entity the_anomaly:anomaly_viewer but it was marked as removed already
[31Jan2025 00:00:06.466] [Server thread/WARN] [net.minecraft.server.level.ServerLevel/]: Tried to add entity the_anomaly:anomaly_trap but it was marked as removed already
[31Jan2025 00:00:06.467] [Server thread/WARN] [net.minecraft.server.level.ServerLevel/]: Tried to add entity the_anomaly:anomaly_viewer but it was marked as removed already
[31Jan2025 00:00:06.516] [Server thread/WARN] [net.minecraft.server.level.ServerLevel/]: Tried to add entity the_anomaly:anomaly_escape but it was marked as removed already
[31Jan2025 00:00:07.266] [Server thread/WARN] [net.minecraft.server.level.ServerLevel/]: Tried to add entity the_anomaly:anomaly_escape but it was marked as removed already
[31Jan2025 00:00:07.267] [Server thread/WARN] [net.minecraft.server.level.ServerLevel/]: Tried to add entity the_anomaly:anomaly_escape but it was marked as removed already
[31Jan2025 00:00:07.366] [Server thread/WARN] [net.minecraft.server.level.ServerLevel/]: Tried to add entity the_anomaly:anomaly_trap but it was marked as removed already
[31Jan2025 00:00:07.416] [Server thread/WARN] [net.minecraft.server.level.ServerLevel/]: Tried to add entity the_anomaly:anomaly_trap but it was marked as removed already
[31Jan2025 00:00:13.016] [Server thread/WARN] [net.minecraft.server.level.ServerLevel/]: Tried to add entity the_anomaly:anomaly_trap but it was marked as removed already
[31Jan2025 00:00:13.068] [Server thread/WARN] [net.minecraft.server.level.ServerLevel/]: Tried to add entity the_anomaly:anomaly_trap but it was marked as removed already
[31Jan2025 00:00:20.867] [Server thread/WARN] [net.minecraft.server.level.ServerLevel/]: Tried to add entity the_anomaly:anomaly_viewer but it was marked as removed already
[31Jan2025 00:00:20.966] [Server thread/WARN] [net.minecraft.server.level.ServerLevel/]: Tried to add entity the_anomaly:anomaly_trap but it was marked as removed already
[31Jan2025 00:00:28.074] [Server thread/WARN] [net.minecraft.server.level.ServerLevel/]: Tried to add entity the_anomaly:anomaly_trap but it was marked as removed already
[31Jan2025 00:00:31.317] [Server thread/WARN] [net.minecraft.server.level.ServerLevel/]: Tried to add entity the_anomaly:anomaly_escape but it was marked as removed already
[31Jan2025 00:00:31.967] [Server thread/WARN] [net.minecraft.server.level.ServerLevel/]: Tried to add entity the_anomaly:anomaly_viewer but it was marked as removed already
[31Jan2025 00:00:35.766] [Server thread/WARN] [net.minecraft.server.level.ServerLevel/]: Tried to add entity the_anomaly:anomaly_viewer but it was marked as removed already
[31Jan2025 00:00:35.816] [Server thread/WARN] [net.minecraft.server.level.ServerLevel/]: Tried to add entity the_anomaly:anomaly_trap but it was marked as removed already
[31Jan2025 00:00:35.867] [Server thread/WARN] [net.minecraft.server.level.ServerLevel/]: Tried to add entity the_anomaly:anomaly_viewer but it was marked as removed already
[31Jan2025 00:00:36.917] [Server thread/WARN] [net.minecraft.server.level.ServerLevel/]: Tried to add entity the_anomaly:anomaly_trap but it was marked as removed already
[31Jan2025 00:00:37.016] [Server thread/WARN] [net.minecraft.server.level.ServerLevel/]: Tried to add entity the_anomaly:anomaly_escape but it was marked as removed already
[31Jan2025 00:00:38.618] [Server thread/WARN] [net.minecraft.server.level.ServerLevel/]: Tried to add entity the_anomaly:anomaly_escape but it was marked as removed already
[31Jan2025 00:00:38.716] [Server thread/WARN] [net.minecraft.server.level.ServerLevel/]: Tried to add entity the_anomaly:anomaly_viewer but it was marked as removed already
[31Jan2025 00:00:39.417] [Server thread/WARN] [net.minecraft.server.level.ServerLevel/]: Tried to add entity the_anomaly:anomaly_escape but it was marked as removed already
[31Jan2025 00:00:40.367] [Server thread/WARN] [net.minecraft.server.level.ServerLevel/]: Tried to add entity the_anomaly:anomaly_viewer but it was marked as removed already
[31Jan2025 00:00:46.815] [Server thread/WARN] [net.minecraft.server.level.ServerLevel/]: Tried to add entity the_anomaly:anomaly_trap but it was marked as removed already
[31Jan2025 00:00:46.867] [Server thread/WARN] [net.minecraft.server.level.ServerLevel/]: Tried to add entity the_anomaly:anomaly_viewer but it was marked as removed already
[31Jan2025 00:00:46.917] [Server thread/WARN] [net.minecraft.server.level.ServerLevel/]: Tried to add entity the_anomaly:anomaly_trap but it was marked as removed already
[31Jan2025 00:00:46.966] [Server thread/WARN] [net.minecraft.server.level.ServerLevel/]: Tried to add entity the_anomaly:anomaly_escape but it was marked as removed already
[31Jan2025 00:00:50.366] [Server thread/WARN] [net.minecraft.server.level.ServerLevel/]: Tried to add entity the_anomaly:anomaly_trap but it was marked as removed already
[31Jan2025 00:00:59.317] [Server thread/WARN] [net.minecraft.server.level.ServerLevel/]: Tried to add entity the_anomaly:anomaly_trap but it was marked as removed already
[31Jan2025 00:01:02.216] [Server thread/WARN] [net.minecraft.server.level.ServerLevel/]: Tried to add entity the_anomaly:anomaly_trap but it was marked as removed already
[31Jan2025 00:01:02.267] [Server thread/WARN] [net.minecraft.server.level.ServerLevel/]: Tried to add entity the_anomaly:anomaly_escape but it was marked as removed already
[31Jan2025 00:01:02.316] [Server thread/WARN] [net.minecraft.server.level.ServerLevel/]: Tried to add entity the_anomaly:anomaly_escape but it was marked as removed already
[31Jan2025 00:01:02.366] [Server thread/WARN] [net.minecraft.server.level.ServerLevel/]: Tried to add entity the_anomaly:anomaly_viewer but it was marked as removed already
[31Jan2025 00:01:04.667] [Server thread/WARN] [net.minecraft.server.level.ServerLevel/]: Tried to add entity the_anomaly:anomaly_viewer but it was marked as removed already
[31Jan2025 00:01:08.416] [Server thread/WARN] [net.minecraft.server.level.ServerLevel/]: Tried to add entity the_anomaly:anomaly_escape but it was marked as removed already
[31Jan2025 00:01:08.667] [Server thread/WARN] [net.minecraft.server.level.ServerLevel/]: Tried to add entity the_anomaly:anomaly_visitor but it was marked as removed already
[31Jan2025 00:01:08.667] [Server thread/WARN] [net.minecraft.server.level.ServerLevel/]: Tried to add entity the_anomaly:anomaly_escape but it was marked as removed already
[31Jan2025 00:01:08.766] [Server thread/WARN] [net.minecraft.server.level.ServerLevel/]: Tried to add entity the_anomaly:anomaly_trap but it was marked as removed already
[31Jan2025 00:01:08.816] [Server thread/WARN] [net.minecraft.server.level.ServerLevel/]: Tried to add entity the_anomaly:anomaly_trap but it was marked as removed already
[31Jan2025 00:01:08.916] [Server thread/WARN] [net.minecraft.server.level.ServerLevel/]: Tried to add entity the_anomaly:anomaly_viewer but it was marked as removed already
[31Jan2025 00:01:08.916] [Server thread/WARN] [net.minecraft.server.level.ServerLevel/]: Tried to add entity the_anomaly:anomaly_escape but it was marked as removed already
[31Jan2025 00:01:08.966] [Server thread/WARN] [net.minecraft.server.level.ServerLevel/]: Tried to add entity the_anomaly:anomaly_escape but it was marked as removed already
[31Jan2025 00:01:11.317] [Server thread/WARN] [net.minecraft.server.level.ServerLevel/]: Tried to add entity the_anomaly:anomaly_trap but it was marked as removed already
[31Jan2025 00:01:11.416] [Server thread/WARN] [net.minecraft.server.level.ServerLevel/]: Tried to add entity the_anomaly:anomaly_viewer but it was marked as removed already
[31Jan2025 00:01:11.467] [Server thread/WARN] [net.minecraft.server.level.ServerLevel/]: Tried to add entity the_anomaly:anomaly_trap but it was marked as removed already
[31Jan2025 00:01:21.465] [Server thread/WARN] [net.minecraft.server.level.ServerLevel/]: Tried to add entity the_anomaly:anomaly_escape but it was marked as removed already
[31Jan2025 00:01:24.717] [Server thread/WARN] [net.minecraft.server.level.ServerLevel/]: Tried to add entity the_anomaly:anomaly_trap but it was marked as removed already
[31Jan2025 00:01:24.767] [Server thread/WARN] [net.minecraft.server.level.ServerLevel/]: Tried to add entity the_anomaly:anomaly_viewer but it was marked as removed already
[31Jan2025 00:01:24.817] [Server thread/WARN] [net.minecraft.server.level.ServerLevel/]: Tried to add entity the_anomaly:anomaly_escape but it was marked as removed already
[31Jan2025 00:01:33.417] [Server thread/WARN] [net.minecraft.server.level.ServerLevel/]: Tried to add entity the_anomaly:anomaly_viewer but it was marked as removed already
[31Jan2025 00:01:33.516] [Server thread/WARN] [net.minecraft.server.level.ServerLevel/]: Tried to add entity the_anomaly:anomaly_trap but it was marked as removed already
[31Jan2025 00:01:34.316] [Server thread/WARN] [net.minecraft.server.level.ServerLevel/]: Tried to add entity the_anomaly:anomaly_trap but it was marked as removed already
[31Jan2025 00:01:41.616] [Server thread/WARN] [net.minecraft.server.level.ServerLevel/]: Tried to add entity the_anomaly:anomaly_viewer but it was marked as removed already
[31Jan2025 00:01:41.617] [Server thread/WARN] [net.minecraft.server.level.ServerLevel/]: Tried to add entity the_anomaly:anomaly_trap but it was marked as removed already
[31Jan2025 00:01:44.417] [Server thread/WARN] [net.minecraft.server.level.ServerLevel/]: Tried to add entity the_anomaly:anomaly_escape but it was marked as removed already
[31Jan2025 00:01:44.418] [Server thread/WARN] [net.minecraft.server.level.ServerLevel/]: Tried to add entity the_anomaly:anomaly_viewer but it was marked as removed already
[31Jan2025 00:01:44.466] [Server thread/WARN] [net.minecraft.server.level.ServerLevel/]: Tried to add entity the_anomaly:anomaly_viewer but it was marked as removed already
[31Jan2025 00:01:44.917] [Server thread/WARN] [net.minecraft.server.level.ServerLevel/]: Tried to add entity the_anomaly:anomaly_viewer but it was marked as removed already
[31Jan2025 00:01:46.466] [Server thread/WARN] [net.minecraft.server.level.ServerLevel/]: Tried to add entity the_anomaly:anomaly_viewer but it was marked as removed already
[31Jan2025 00:01:47.667] [Server thread/WARN] [net.minecraft.server.level.ServerLevel/]: Tried to add entity the_anomaly:anomaly_escape but it was marked as removed already
[31Jan2025 00:01:47.668] [Server thread/WARN] [net.minecraft.server.level.ServerLevel/]: Tried to add entity the_anomaly:anomaly_viewer but it was marked as removed already
[31Jan2025 00:01:47.766] [Server thread/WARN] [net.minecraft.server.level.ServerLevel/]: Tried to add entity the_anomaly:anomaly_trap but it was marked as removed already
[31Jan2025 00:01:47.769] [Server thread/WARN] [net.minecraft.server.level.ServerLevel/]: Tried to add entity the_anomaly:anomaly_escape but it was marked as removed already
[31Jan2025 00:01:47.866] [Server thread/WARN] [net.minecraft.server.level.ServerLevel/]: Tried to add entity the_anomaly:anomaly_viewer but it was marked as removed already
[31Jan2025 00:01:47.867] [Server thread/WARN] [net.minecraft.server.level.ServerLevel/]: Tried to add entity the_anomaly:anomaly_escape but it was marked as removed already
[31Jan2025 00:01:55.717] [Server thread/WARN] [net.minecraft.server.level.ServerLevel/]: Tried to add entity the_anomaly:anomaly_viewer but it was marked as removed already
[31Jan2025 00:01:58.367] [Server thread/WARN] [net.minecraft.server.level.ServerLevel/]: Tried to add entity the_anomaly:anomaly_viewer but it was marked as removed already
[31Jan2025 00:01:58.716] [Server thread/WARN] [net.minecraft.server.level.ServerLevel/]: Tried to add entity the_anomaly:anomaly_viewer but it was marked as removed already
[31Jan2025 00:02:00.866] [Server thread/WARN] [net.minecraft.server.level.ServerLevel/]: Tried to add entity the_anomaly:anomaly_escape but it was marked as removed already
[31Jan2025 00:02:00.916] [Server thread/WARN] [net.minecraft.server.level.ServerLevel/]: Tried to add entity the_anomaly:anomaly_trap but it was marked as removed already
[31Jan2025 00:02:01.117] [Server thread/WARN] [net.minecraft.server.level.ServerLevel/]: Tried to add entity the_anomaly:anomaly_trap but it was marked as removed already
[31Jan2025 00:02:01.166] [Server thread/WARN] [net.minecraft.server.level.ServerLevel/]: Tried to add entity the_anomaly:anomaly_trap but it was marked as removed already
[31Jan2025 00:02:01.217] [Server thread/WARN] [net.minecraft.server.level.ServerLevel/]: Tried to add entity the_anomaly:anomaly_trap but it was marked as removed already
[31Jan2025 00:02:01.218] [Server thread/WARN] [net.minecraft.server.level.ServerLevel/]: Tried to add entity the_anomaly:anomaly_escape but it was marked as removed already
[31Jan2025 00:02:02.467] [Server thread/WARN] [net.minecraft.server.level.ServerLevel/]: Tried to add entity the_anomaly:anomaly_trap but it was marked as removed already
[31Jan2025 00:02:02.567] [Server thread/WARN] [net.minecraft.server.level.ServerLevel/]: Tried to add entity the_anomaly:anomaly_viewer but it was marked as removed already
[31Jan2025 00:02:15.417] [Server thread/WARN] [net.minecraft.server.level.ServerLevel/]: Tried to add entity the_anomaly:anomaly_viewer but it was marked as removed already
[31Jan2025 00:02:18.167] [Server thread/WARN] [net.minecraft.server.level.ServerLevel/]: Tried to add entity the_anomaly:anomaly_viewer but it was marked as removed already
[31Jan2025 00:02:18.266] [Server thread/WARN] [net.minecraft.server.level.ServerLevel/]: Tried to add entity the_anomaly:anomaly_trap but it was marked as removed already
[31Jan2025 00:02:23.766] [Server thread/WARN] [net.minecraft.server.level.ServerLevel/]: Tried to add entity the_anomaly:anomaly_trap but it was marked as removed already
[31Jan2025 00:02:28.916] [Server thread/WARN] [net.minecraft.server.level.ServerLevel/]: Tried to add entity the_anomaly:anomaly_trap but it was marked as removed already
[31Jan2025 00:02:29.367] [Server thread/WARN] [net.minecraft.server.level.ServerLevel/]: Tried to add entity the_anomaly:anomaly_escape but it was marked as removed already
[31Jan2025 00:02:29.466] [Server thread/WARN] [net.minecraft.server.level.ServerLevel/]: Tried to add entity the_anomaly:anomaly_escape but it was marked as removed already
[31Jan2025 00:02:29.516] [Server thread/WARN] [net.minecraft.server.level.ServerLevel/]: Tried to add entity the_anomaly:anomaly_escape but it was marked as removed already
[31Jan2025 00:02:40.616] [Server thread/WARN] [net.minecraft.server.level.ServerLevel/]: Tried to add entity the_anomaly:anomaly_viewer but it was marked as removed already
[31Jan2025 00:02:42.467] [Server thread/WARN] [net.minecraft.server.level.ServerLevel/]: Tried to add entity the_anomaly:anomaly_viewer but it was marked as removed already
[31Jan2025 00:02:45.316] [Server thread/WARN] [net.minecraft.server.level.ServerLevel/]: Tried to add entity the_anomaly:anomaly_viewer but it was marked as removed already
[31Jan2025 00:02:45.467] [Server thread/WARN] [net.minecraft.server.level.ServerLevel/]: Tried to add entity the_anomaly:anomaly_escape but it was marked as removed already
[31Jan2025 00:02:45.516] [Server thread/WARN] [net.minecraft.server.level.ServerLevel/]: Tried to add entity the_anomaly:anomaly_trap but it was marked as removed already
[31Jan2025 00:02:52.066] [Server thread/WARN] [net.minecraft.server.level.ServerLevel/]: Tried to add entity the_anomaly:anomaly_viewer but it was marked as removed already
[31Jan2025 00:02:57.580] [Server thread/INFO] [net.minecraft.server.MinecraftServer/]: [Not Secure] <Eduardo25445> qfue
[31Jan2025 00:03:01.737] [Server thread/INFO] [net.minecraft.server.MinecraftServer/]: [Not Secure] <_Arkuzz_> q haces xd?
[31Jan2025 00:03:04.316] [Server thread/WARN] [net.minecraft.server.level.ServerLevel/]: Tried to add entity the_anomaly:anomaly_trap but it was marked as removed already
[31Jan2025 00:03:04.367] [Server thread/WARN] [net.minecraft.server.level.ServerLevel/]: Tried to add entity the_anomaly:anomaly_viewer but it was marked as removed already
[31Jan2025 00:03:07.917] [Server thread/WARN] [net.minecraft.server.level.ServerLevel/]: Tried to add entity the_anomaly:anomaly_viewer but it was marked as removed already
[31Jan2025 00:03:07.967] [Server thread/WARN] [net.minecraft.server.level.ServerLevel/]: Tried to add entity the_anomaly:anomaly_viewer but it was marked as removed already
[31Jan2025 00:03:08.155] [Server thread/INFO] [net.minecraft.server.MinecraftServer/]: [Not Secure] <Eduardo25445> no funciona :<
[31Jan2025 00:03:09.131] [Server thread/WARN] [net.minecraft.server.level.ServerLevel/]: Tried to add entity the_anomaly:anomaly_viewer but it was marked as removed already
[31Jan2025 00:03:09.216] [Server thread/WARN] [net.minecraft.server.level.ServerLevel/]: Tried to add entity the_anomaly:anomaly_escape but it was marked as removed already
[31Jan2025 00:03:09.266] [Server thread/WARN] [net.minecraft.server.level.ServerLevel/]: Tried to add entity the_anomaly:anomaly_trap but it was marked as removed already
[31Jan2025 00:03:09.367] [Server thread/WARN] [net.minecraft.server.level.ServerLevel/]: Tried to add entity the_anomaly:anomaly_viewer but it was marked as removed already
[31Jan2025 00:03:09.467] [Server thread/WARN] [net.minecraft.server.level.ServerLevel/]: Tried to add entity the_anomaly:anomaly_escape but it was marked as removed already
[31Jan2025 00:03:09.566] [Server thread/WARN] [net.minecraft.server.level.ServerLevel/]: Tried to add entity the_anomaly:anomaly_escape but it was marked as removed already
[31Jan2025 00:03:09.616] [Server thread/WARN] [net.minecraft.server.level.ServerLevel/]: Tried to add entity the_anomaly:anomaly_escape but it was marked as removed already
[31Jan2025 00:03:12.213] [Server thread/INFO] [net.minecraft.server.MinecraftServer/]: [Not Secure] <_Arkuzz_> q cosa xd
[31Jan2025 00:03:16.725] [Server thread/INFO] [net.minecraft.server.MinecraftServer/]: [Not Secure] <Eduardo25445> mi hacha tp
[31Jan2025 00:03:17.466] [Server thread/WARN] [net.minecraft.server.level.ServerLevel/]: Tried to add entity the_anomaly:anomaly_viewer but it was marked as removed already
[31Jan2025 00:03:17.566] [Server thread/WARN] [net.minecraft.server.level.ServerLevel/]: Tried to add entity the_anomaly:anomaly_viewer but it was marked as removed already
[31Jan2025 00:03:17.567] [Server thread/WARN] [net.minecraft.server.level.ServerLevel/]: Tried to add entity the_anomaly:anomaly_escape but it was marked as removed already
[31Jan2025 00:03:20.116] [Server thread/WARN] [net.minecraft.server.level.ServerLevel/]: Tried to add entity the_anomaly:anomaly_trap but it was marked as removed already
[31Jan2025 00:03:20.217] [Server thread/WARN] [net.minecraft.server.level.ServerLevel/]: Tried to add entity the_anomaly:anomaly_escape but it was marked as removed already
[31Jan2025 00:03:20.316] [Server thread/WARN] [net.minecraft.server.level.ServerLevel/]: Tried to add entity the_anomaly:anomaly_escape but it was marked as removed already
[31Jan2025 00:03:20.366] [Server thread/WARN] [net.minecraft.server.level.ServerLevel/]: Tried to add entity the_anomaly:anomaly_viewer but it was marked as removed already
[31Jan2025 00:03:22.811] [Server thread/INFO] [net.minecraft.server.MinecraftServer/]: [Not Secure] <_Arkuzz_> .-.
[31Jan2025 00:03:27.217] [Server thread/WARN] [net.minecraft.server.level.ServerLevel/]: Tried to add entity the_anomaly:anomaly_trap but it was marked as removed already
[31Jan2025 00:03:27.566] [Server thread/WARN] [net.minecraft.server.level.ServerLevel/]: Tried to add entity the_anomaly:anomaly_escape but it was marked as removed already
[31Jan2025 00:03:29.166] [Server thread/WARN] [net.minecraft.server.level.ServerLevel/]: Tried to add entity the_anomaly:anomaly_escape but it was marked as removed already
[31Jan2025 00:03:34.128] [Server thread/WARN] [net.minecraft.server.level.ServerLevel/]: Tried to add entity the_anomaly:anomaly_trap but it was marked as removed already
[31Jan2025 00:03:34.217] [Server thread/WARN] [net.minecraft.server.level.ServerLevel/]: Tried to add entity the_anomaly:anomaly_trap but it was marked as removed already
[31Jan2025 00:03:34.326] [Server thread/WARN] [net.minecraft.server.level.ServerLevel/]: Tried to add entity the_anomaly:anomaly_trap but it was marked as removed already
[31Jan2025 00:03:34.916] [Server thread/WARN] [net.minecraft.server.level.ServerLevel/]: Tried to add entity the_anomaly:anomaly_viewer but it was marked as removed already
[31Jan2025 00:03:38.866] [Server thread/WARN] [net.minecraft.server.level.ServerLevel/]: Tried to add entity the_anomaly:anomaly_trap but it was marked as removed already
[31Jan2025 00:03:38.916] [Server thread/WARN] [net.minecraft.server.level.ServerLevel/]: Tried to add entity the_anomaly:anomaly_viewer but it was marked as removed already
[31Jan2025 00:03:38.967] [Server thread/WARN] [net.minecraft.server.level.ServerLevel/]: Tried to add entity the_anomaly:anomaly_escape but it was marked as removed already
[31Jan2025 00:03:39.667] [Server thread/WARN] [net.minecraft.server.level.ServerLevel/]: Tried to add entity the_anomaly:anomaly_escape but it was marked as removed already
[31Jan2025 00:03:39.767] [Server thread/WARN] [net.minecraft.server.level.ServerLevel/]: Tried to add entity the_anomaly:anomaly_viewer but it was marked as removed already
[31Jan2025 00:03:40.867] [Server thread/WARN] [net.minecraft.server.level.ServerLevel/]: Tried to add entity the_anomaly:anomaly_viewer but it was marked as removed already
[31Jan2025 00:03:45.366] [Server thread/WARN] [net.minecraft.server.level.ServerLevel/]: Tried to add entity the_anomaly:anomaly_trap but it was marked as removed already
[31Jan2025 00:03:45.417] [Server thread/WARN] [net.minecraft.server.level.ServerLevel/]: Tried to add entity the_anomaly:anomaly_viewer but it was marked as removed already
[31Jan2025 00:03:46.867] [Server thread/WARN] [net.minecraft.server.level.ServerLevel/]: Tried to add entity the_anomaly:anomaly_trap but it was marked as removed already
[31Jan2025 00:03:46.916] [Server thread/WARN] [net.minecraft.server.level.ServerLevel/]: Tried to add entity the_anomaly:anomaly_escape but it was marked as removed already
[31Jan2025 00:03:47.766] [Server thread/WARN] [net.minecraft.server.level.ServerLevel/]: Tried to add entity the_anomaly:anomaly_escape but it was marked as removed already
[31Jan2025 00:03:47.768] [Server thread/WARN] [net.minecraft.server.level.ServerLevel/]: Tried to add entity the_anomaly:anomaly_escape but it was marked as removed already
[31Jan2025 00:03:48.066] [Server thread/WARN] [net.minecraft.server.level.ServerLevel/]: Tried to add entity the_anomaly:anomaly_viewer but it was marked as removed already
[31Jan2025 00:03:48.916] [Server thread/WARN] [net.minecraft.server.level.ServerLevel/]: Tried to add entity the_anomaly:anomaly_escape but it was marked as removed already
[31Jan2025 00:03:50.716] [Server thread/WARN] [net.minecraft.server.level.ServerLevel/]: Tried to add entity the_anomaly:anomaly_trap but it was marked as removed already
[31Jan2025 00:03:51.367] [Server thread/WARN] [net.minecraft.server.level.ServerLevel/]: Tried to add entity the_anomaly:anomaly_viewer but it was marked as removed already
[31Jan2025 00:03:51.620] [Server thread/WARN] [net.minecraft.server.level.ServerLevel/]: Tried to add entity the_anomaly:anomaly_escape but it was marked as removed already
[31Jan2025 00:03:53.867] [Server thread/WARN] [net.minecraft.server.level.ServerLevel/]: Tried to add entity the_anomaly:anomaly_trap but it was marked as removed already
[31Jan2025 00:03:56.068] [Server thread/WARN] [net.minecraft.server.level.ServerLevel/]: Tried to add entity the_anomaly:anomaly_escape but it was marked as removed already
[31Jan2025 00:03:56.069] [Server thread/WARN] [net.minecraft.server.level.ServerLevel/]: Tried to add entity the_anomaly:anomaly_escape but it was marked as removed already
[31Jan2025 00:03:57.986] [Server thread/INFO] [net.minecraft.server.MinecraftServer/]: [Not Secure] <Eduardo25445> oe
[31Jan2025 00:03:58.705] [Server thread/WARN] [net.minecraft.server.level.ServerLevel/]: Tried to add entity the_anomaly:anomaly_escape but it was marked as removed already
[31Jan2025 00:03:58.819] [Server thread/WARN] [net.minecraft.server.level.ServerLevel/]: Tried to add entity the_anomaly:anomaly_trap but it was marked as removed already
[31Jan2025 00:03:59.067] [Server thread/WARN] [net.minecraft.server.level.ServerLevel/]: Tried to add entity the_anomaly:anomaly_escape but it was marked as removed already
[31Jan2025 00:03:59.166] [Server thread/WARN] [net.minecraft.server.level.ServerLevel/]: Tried to add entity the_anomaly:anomaly_trap but it was marked as removed already
[31Jan2025 00:03:59.881] [Server thread/INFO] [net.minecraft.server.MinecraftServer/]: [Not Secure] <_Arkuzz_> q
[31Jan2025 00:04:00.683] [Server thread/INFO] [net.minecraft.server.MinecraftServer/]: [Not Secure] <Eduardo25445> quieres op
[31Jan2025 00:04:00.868] [Server thread/WARN] [net.minecraft.server.level.ServerLevel/]: Tried to add entity the_anomaly:anomaly_trap but it was marked as removed already
[31Jan2025 00:04:00.868] [Server thread/WARN] [net.minecraft.server.level.ServerLevel/]: Tried to add entity the_anomaly:anomaly_trap but it was marked as removed already
[31Jan2025 00:04:01.068] [Server thread/WARN] [net.minecraft.server.level.ServerLevel/]: Tried to add entity the_anomaly:anomaly_escape but it was marked as removed already
[31Jan2025 00:04:01.117] [Server thread/WARN] [net.minecraft.server.level.ServerLevel/]: Tried to add entity the_anomaly:anomaly_escape but it was marked as removed already
[31Jan2025 00:04:01.167] [Server thread/WARN] [net.minecraft.server.level.ServerLevel/]: Tried to add entity the_anomaly:anomaly_viewer but it was marked as removed already
[31Jan2025 00:04:01.216] [Server thread/WARN] [net.minecraft.server.level.ServerLevel/]: Tried to add entity the_anomaly:anomaly_escape but it was marked as removed already
[31Jan2025 00:04:01.217] [Server thread/WARN] [net.minecraft.server.level.ServerLevel/]: Tried to add entity the_anomaly:anomaly_viewer but it was marked as removed already
[31Jan2025 00:04:01.266] [Server thread/WARN] [net.minecraft.server.level.ServerLevel/]: Tried to add entity the_anomaly:anomaly_trap but it was marked as removed already
[31Jan2025 00:04:01.268] [Server thread/WARN] [net.minecraft.server.level.ServerLevel/]: Tried to add entity the_anomaly:anomaly_escape but it was marked as removed already
[31Jan2025 00:04:01.317] [Server thread/WARN] [net.minecraft.server.level.ServerLevel/]: Tried to add entity the_anomaly:anomaly_trap but it was marked as removed already
[31Jan2025 00:04:01.368] [Server thread/WARN] [net.minecraft.server.level.ServerLevel/]: Tried to add entity the_anomaly:anomaly_escape but it was marked as removed already
[31Jan2025 00:04:02.204] [Server thread/WARN] [net.minecraft.server.level.ServerLevel/]: Tried to add entity the_anomaly:anomaly_escape but it was marked as removed already
[31Jan2025 00:04:04.151] [Server thread/WARN] [net.minecraft.server.level.ServerLevel/]: Tried to add entity the_anomaly:anomaly_viewer but it was marked as removed already
[31Jan2025 00:04:05.585] [Server thread/WARN] [net.minecraft.server.level.ServerLevel/]: Tried to add entity the_anomaly:anomaly_trap but it was marked as removed already
[31Jan2025 00:04:05.623] [Server thread/WARN] [net.minecraft.server.level.ServerLevel/]: Tried to add entity the_anomaly:anomaly_escape but it was marked as removed already
[31Jan2025 00:04:05.625] [Server thread/WARN] [net.minecraft.server.level.ServerLevel/]: Tried to add entity the_anomaly:anomaly_escape but it was marked as removed already
[31Jan2025 00:04:05.667] [Server thread/WARN] [net.minecraft.server.level.ServerLevel/]: Tried to add entity the_anomaly:anomaly_escape but it was marked as removed already
[31Jan2025 00:04:05.764] [Server thread/WARN] [net.minecraft.server.level.ServerLevel/]: Tried to add entity the_anomaly:anomaly_viewer but it was marked as removed already
[31Jan2025 00:04:06.218] [Server thread/WARN] [net.minecraft.server.level.ServerLevel/]: Tried to add entity the_anomaly:anomaly_viewer but it was marked as removed already
[31Jan2025 00:04:06.221] [Server thread/WARN] [net.minecraft.server.level.ServerLevel/]: Tried to add entity the_anomaly:anomaly_viewer but it was marked as removed already
[31Jan2025 00:04:06.270] [Server thread/WARN] [net.minecraft.server.level.ServerLevel/]: Tried to add entity the_anomaly:anomaly_trap but it was marked as removed already
[31Jan2025 00:04:20.022] [Server thread/WARN] [net.minecraft.server.level.ServerLevel/]: Tried to add entity the_anomaly:anomaly_trap but it was marked as removed already
[31Jan2025 00:04:21.089] [Server thread/INFO] [net.minecraft.server.MinecraftServer/]: [Not Secure] <_Arkuzz_> ya xd
[31Jan2025 00:04:27.047] [Server thread/INFO] [net.minecraft.server.MinecraftServer/]: [Not Secure] <Eduardo25445> yaya
[31Jan2025 00:04:29.816] [Server thread/WARN] [net.minecraft.server.level.ServerLevel/]: Tried to add entity the_anomaly:anomaly_trap but it was marked as removed already
[31Jan2025 00:04:29.866] [Server thread/WARN] [net.minecraft.server.level.ServerLevel/]: Tried to add entity the_anomaly:anomaly_trap but it was marked as removed already
[31Jan2025 00:04:30.026] [Server thread/INFO] [net.minecraft.server.MinecraftServer/]: [Not Secure] <_Arkuzz_> puedes ponerlo para que solo pueda usar tp?
[31Jan2025 00:04:32.679] [Server thread/INFO] [net.minecraft.server.MinecraftServer/]: [Not Secure] <Eduardo25445> ya vamos a tragar
[31Jan2025 00:04:33.167] [Server thread/WARN] [net.minecraft.server.level.ServerLevel/]: Tried to add entity the_anomaly:anomaly_trap but it was marked as removed already
[31Jan2025 00:04:33.267] [Server thread/WARN] [net.minecraft.server.level.ServerLevel/]: Tried to add entity the_anomaly:anomaly_trap but it was marked as removed already
[31Jan2025 00:04:38.198] [Server thread/INFO] [net.minecraft.server.MinecraftServer/]: [Not Secure] <Eduardo25445> nel
[31Jan2025 00:04:39.116] [Server thread/WARN] [net.minecraft.server.level.ServerLevel/]: Tried to add entity the_anomaly:anomaly_trap but it was marked as removed already
[31Jan2025 00:04:39.367] [Server thread/WARN] [net.minecraft.server.level.ServerLevel/]: Tried to add entity the_anomaly:anomaly_viewer but it was marked as removed already
[31Jan2025 00:04:39.516] [Server thread/WARN] [net.minecraft.server.level.ServerLevel/]: Tried to add entity the_anomaly:anomaly_trap but it was marked as removed already
[31Jan2025 00:04:39.579] [Server thread/INFO] [net.minecraft.server.MinecraftServer/]: [Not Secure] <_Arkuzz_> justo te iba a decir eso
[31Jan2025 00:04:41.028] [Server thread/WARN] [net.minecraft.server.level.ServerLevel/]: Tried to add entity the_anomaly:anomaly_viewer but it was marked as removed already
[31Jan2025 00:04:43.017] [Server thread/WARN] [net.minecraft.server.level.ServerLevel/]: Tried to add entity the_anomaly:anomaly_viewer but it was marked as removed already
[31Jan2025 00:04:43.116] [Server thread/WARN] [net.minecraft.server.level.ServerLevel/]: Tried to add entity the_anomaly:anomaly_viewer but it was marked as removed already
[31Jan2025 00:04:45.267] [Server thread/WARN] [net.minecraft.server.level.ServerLevel/]: Tried to add entity the_anomaly:anomaly_viewer but it was marked as removed already
[31Jan2025 00:04:45.516] [Server thread/WARN] [net.minecraft.server.level.ServerLevel/]: Tried to add entity the_anomaly:anomaly_trap but it was marked as removed already
[31Jan2025 00:04:46.643] [Server thread/INFO] [net.minecraft.server.MinecraftServer/]: [Not Secure] <_Arkuzz_> dame op nomas tonc
[31Jan2025 00:04:51.117] [Server thread/WARN] [net.minecraft.server.level.ServerLevel/]: Tried to add entity the_anomaly:anomaly_viewer but it was marked as removed already
[31Jan2025 00:04:51.653] [Server thread/INFO] [net.minecraft.server.MinecraftServer/]: [Eduardo25445: Made _Arkuzz_ a server operator]
[31Jan2025 00:04:53.766] [Server thread/WARN] [net.minecraft.server.level.ServerLevel/]: Tried to add entity the_anomaly:anomaly_trap but it was marked as removed already
[31Jan2025 00:04:57.228] [Server thread/INFO] [net.minecraft.server.MinecraftServer/]: [Not Secure] <Eduardo25445> ya
[31Jan2025 00:05:00.687] [Server thread/INFO] [net.minecraft.server.network.ServerGamePacketListenerImpl/]: Eduardo25445 lost connection: Disconnected
[31Jan2025 00:05:00.687] [Server thread/INFO] [net.minecraft.server.MinecraftServer/]: Eduardo25445 left the game
[31Jan2025 00:05:01.167] [Server thread/WARN] [net.minecraft.server.level.ServerLevel/]: Tried to add entity the_anomaly:anomaly_viewer but it was marked as removed already
[31Jan2025 00:05:01.766] [Server thread/WARN] [net.minecraft.server.level.ServerLevel/]: Tried to add entity the_anomaly:anomaly_viewer but it was marked as removed already
[31Jan2025 00:05:01.867] [Server thread/WARN] [net.minecraft.server.level.ServerLevel/]: Tried to add entity the_anomaly:anomaly_viewer but it was marked as removed already
[31Jan2025 00:05:02.766] [Server thread/WARN] [net.minecraft.server.level.ServerLevel/]: Tried to add entity the_anomaly:anomaly_trap but it was marked as removed already
[31Jan2025 00:05:04.515] [Server thread/WARN] [net.minecraft.server.level.ServerLevel/]: Tried to add entity the_anomaly:anomaly_trap but it was marked as removed already
[31Jan2025 00:05:04.566] [Server thread/WARN] [net.minecraft.server.level.ServerLevel/]: Tried to add entity the_anomaly:anomaly_viewer but it was marked as removed already
[31Jan2025 00:05:09.667] [Server thread/WARN] [net.minecraft.server.level.ServerLevel/]: Tried to add entity the_anomaly:anomaly_trap but it was marked as removed already
[31Jan2025 00:05:09.766] [Server thread/WARN] [net.minecraft.server.level.ServerLevel/]: Tried to add entity the_anomaly:anomaly_viewer but it was marked as removed already
[31Jan2025 00:05:13.216] [Server thread/WARN] [net.minecraft.server.level.ServerLevel/]: Tried to add entity the_anomaly:anomaly_viewer but it was marked as removed already
[31Jan2025 00:05:14.575] [Server thread/INFO] [net.minecraft.server.network.ServerGamePacketListenerImpl/]: _Arkuzz_ lost connection: Disconnected
[31Jan2025 00:05:14.576] [Server thread/INFO] [net.minecraft.server.MinecraftServer/]: _Arkuzz_ left the game
[31Jan2025 00:05:33.718] [Server thread/INFO] [net.minecraft.server.MinecraftServer/]: Stopping server
[31Jan2025 00:05:33.719] [Server thread/INFO] [net.minecraft.server.MinecraftServer/]: Saving players
[31Jan2025 00:05:33.720] [Server thread/INFO] [net.minecraft.server.MinecraftServer/]: Saving worlds
[31Jan2025 00:05:34.414] [Server thread/INFO] [net.minecraft.server.MinecraftServer/]: Saving chunks for level 'ServerLevel[world]'/minecraft:overworld
[31Jan2025 00:05:34.774] [Server thread/INFO] [net.minecraft.server.MinecraftServer/]: Saving chunks for level 'ServerLevel[world]'/minecraft:the_nether
[31Jan2025 00:05:34.775] [Server thread/INFO] [net.minecraft.server.MinecraftServer/]: Saving chunks for level 'ServerLevel[world]'/minecraft:the_end
[31Jan2025 00:05:34.825] [Server thread/INFO] [net.minecraft.server.MinecraftServer/]: ThreadedAnvilChunkStorage (world): All chunks are saved
[31Jan2025 00:05:34.826] [Server thread/INFO] [net.minecraft.server.MinecraftServer/]: ThreadedAnvilChunkStorage (DIM-1): All chunks are saved
[31Jan2025 00:05:34.826] [Server thread/INFO] [net.minecraft.server.MinecraftServer/]: ThreadedAnvilChunkStorage (DIM1): All chunks are saved
[31Jan2025 00:05:34.827] [Server thread/INFO] [net.minecraft.server.MinecraftServer/]: ThreadedAnvilChunkStorage: All dimensions are saved
